\BOOKMARK [0][-]{chapter.1}{\376\377\0001\000\040\000D\000i\000r\000e\000c\000t\000o\000r\000y\000\040\000S\000t\000r\000u\000c\000t\000u\000r\000e}{}% 1
\BOOKMARK [1][-]{section.1.1}{\376\377\0001\000.\0001\000\040\000I\000n\000p\000u\000t\000\040\000f\000o\000r\000m\000a\000t\000\040\000f\000o\000r\000\040\000P\000L\000W\000-\000S\000O\000L\000V\000E}{chapter.1}% 2
\BOOKMARK [1][-]{section.1.2}{\376\377\0001\000.\0002\000\040\000D\000a\000t\000a\000\040\000F\000o\000r\000m\000a\000t\000\040\000f\000o\000r\000\040\000P\000L\000W\000-\000S\000O\000L\000V\000E\000\040\000E\000n\000t\000i\000t\000i\000e\000s}{chapter.1}% 3
\BOOKMARK [2][-]{subsection.1.2.1}{\376\377\0001\000.\0002\000.\0001\000\040\000H\000a\000s\000h\000M\000a\000p\000s}{section.1.2}% 4
\BOOKMARK [3][-]{subsubsection.1.2.1.1}{\376\377\0001\000.\0002\000.\0001\000.\0001\000\040\000H\000i\000t\000t\000i\000n\000g\000\040\000T\000a\000b\000l\000e\000\040\000I\000n\000d\000e\000x}{subsection.1.2.1}% 5
\BOOKMARK [2][-]{subsection.1.2.2}{\376\377\0001\000.\0002\000.\0002\000\040\000G\000r\000a\000p\000h\000s}{section.1.2}% 6
\BOOKMARK [3][-]{subsubsection.1.2.2.1}{\376\377\0001\000.\0002\000.\0002\000.\0001\000\040\000U\000n\000w\000e\000i\000g\000h\000t\000e\000d\000\040\000\046\000\040\000U\000n\000d\000i\000r\000e\000c\000t\000e\000d}{subsection.1.2.2}% 7
\BOOKMARK [3][-]{subsubsection.1.2.2.2}{\376\377\0001\000.\0002\000.\0002\000.\0002\000\040\000W\000e\000i\000g\000h\000t\000e\000d\000\040\000\046\000\040\000U\000n\000d\000i\000r\000e\000c\000t\000e\000d}{subsection.1.2.2}% 8
\BOOKMARK [2][-]{subsection.1.2.3}{\376\377\0001\000.\0002\000.\0003\000\040\000M\000a\000t\000r\000i\000c\000e\000s}{section.1.2}% 9
\BOOKMARK [2][-]{subsection.1.2.4}{\376\377\0001\000.\0002\000.\0004\000\040\000V\000e\000c\000t\000o\000r\000s\000\040\000a\000n\000d\000\040\000F\000u\000n\000c\000t\000i\000o\000n\000s}{section.1.2}% 10
\BOOKMARK [3][-]{subsubsection.1.2.4.1}{\376\377\0001\000.\0002\000.\0004\000.\0001\000\040\000W\000e\000i\000g\000h\000t\000\040\000V\000e\000c\000t\000o\000r}{subsection.1.2.4}% 11
\BOOKMARK [3][-]{subsubsection.1.2.4.2}{\376\377\0001\000.\0002\000.\0004\000.\0002\000\040\000C\000o\000l\000u\000m\000n\000\040\000V\000e\000c\000t\000o\000r\000\040\000f\000o\000r\000\040\000s\000y\000s\000t\000e\000m\000\040\000o\000f\000\040\000l\000i\000n\000e\000a\000r\000\040\000e\000q\000u\000a\000t\000i\000o\000n\000s\000\040\000\050\000<\000s\000t\000r\000o\000n\000g\000>\000b\000<\000/\000s\000t\000r\000o\000n\000g\000>\000\051}{subsection.1.2.4}% 12
\BOOKMARK [2][-]{subsection.1.2.5}{\376\377\0001\000.\0002\000.\0005\000\040\000S\000i\000n\000g\000l\000e\000t\000o\000n\000\040\000V\000a\000l\000u\000e\000s}{section.1.2}% 13
\BOOKMARK [0][-]{chapter.2}{\376\377\0002\000\040\000F\000i\000l\000e\000\040\000I\000n\000d\000e\000x}{}% 14
\BOOKMARK [1][-]{section.2.1}{\376\377\0002\000.\0001\000\040\000F\000i\000l\000e\000\040\000L\000i\000s\000t}{chapter.2}% 15
\BOOKMARK [0][-]{chapter.3}{\376\377\0003\000\040\000F\000i\000l\000e\000\040\000D\000o\000c\000u\000m\000e\000n\000t\000a\000t\000i\000o\000n}{}% 16
\BOOKMARK [1][-]{section.3.1}{\376\377\0003\000.\0001\000\040\000s\000r\000c\000/\000n\000a\000i\000v\000e\000/\000N\000a\000i\000v\000e\000P\000L\000W\000.\000c\000p\000p\000\040\000F\000i\000l\000e\000\040\000R\000e\000f\000e\000r\000e\000n\000c\000e}{chapter.3}% 17
\BOOKMARK [2][-]{subsection.3.1.1}{\376\377\0003\000.\0001\000.\0001\000\040\000D\000e\000t\000a\000i\000l\000e\000d\000\040\000D\000e\000s\000c\000r\000i\000p\000t\000i\000o\000n}{section.3.1}% 18
\BOOKMARK [2][-]{subsection.3.1.2}{\376\377\0003\000.\0001\000.\0002\000\040\000F\000u\000n\000c\000t\000i\000o\000n\000\040\000D\000o\000c\000u\000m\000e\000n\000t\000a\000t\000i\000o\000n}{section.3.1}% 19
\BOOKMARK [3][-]{subsubsection.3.1.2.1}{\376\377\0003\000.\0001\000.\0002\000.\0001\000\040\000b\000o\000o\000t\000s\000t\000r\000a\000p\000\050\000\051}{subsection.3.1.2}% 20
\BOOKMARK [3][-]{subsubsection.3.1.2.2}{\376\377\0003\000.\0001\000.\0002\000.\0002\000\040\000c\000h\000e\000c\000k\000C\000o\000n\000n\000e\000c\000t\000e\000d\000\050\000\051}{subsection.3.1.2}% 21
\BOOKMARK [3][-]{subsubsection.3.1.2.3}{\376\377\0003\000.\0001\000.\0002\000.\0003\000\040\000c\000u\000m\000D\000i\000s\000t\000\050\000\051}{subsection.3.1.2}% 22
\BOOKMARK [3][-]{subsubsection.3.1.2.4}{\376\377\0003\000.\0001\000.\0002\000.\0004\000\040\000D\000F\000S\000\050\000\051}{subsection.3.1.2}% 23
\BOOKMARK [3][-]{subsubsection.3.1.2.5}{\376\377\0003\000.\0001\000.\0002\000.\0005\000\040\000d\000i\000s\000t\000S\000e\000l\000e\000c\000t\000o\000r\000\050\000\051}{subsection.3.1.2}% 24
\BOOKMARK [3][-]{subsubsection.3.1.2.6}{\376\377\0003\000.\0001\000.\0002\000.\0006\000\040\000e\000n\000d\000\050\000\051}{subsection.3.1.2}% 25
\BOOKMARK [3][-]{subsubsection.3.1.2.7}{\376\377\0003\000.\0001\000.\0002\000.\0007\000\040\000g\000e\000n\000e\000r\000a\000t\000e\000H\000i\000t\000t\000i\000n\000g\000T\000a\000b\000l\000e\000\050\000\051}{subsection.3.1.2}% 26
\BOOKMARK [3][-]{subsubsection.3.1.2.8}{\376\377\0003\000.\0001\000.\0002\000.\0008\000\040\000i\000n\000i\000t\000\050\000\051}{subsection.3.1.2}% 27
\BOOKMARK [3][-]{subsubsection.3.1.2.9}{\376\377\0003\000.\0001\000.\0002\000.\0009\000\040\000m\000a\000i\000n\000\050\000\051}{subsection.3.1.2}% 28
\BOOKMARK [3][-]{subsubsection.3.1.2.10}{\376\377\0003\000.\0001\000.\0002\000.\0001\0000\000\040\000r\000u\000n\000C\000h\000a\000i\000n\000\050\000\051}{subsection.3.1.2}% 29
\BOOKMARK [3][-]{subsubsection.3.1.2.11}{\376\377\0003\000.\0001\000.\0002\000.\0001\0001\000\040\000r\000u\000n\000C\000h\000a\000i\000n\000S\000e\000r\000i\000a\000l\000\050\000\051}{subsection.3.1.2}% 30
\BOOKMARK [3][-]{subsubsection.3.1.2.12}{\376\377\0003\000.\0001\000.\0002\000.\0001\0002\000\040\000t\000h\000r\000o\000w\000E\000r\000r\000o\000r\000\050\000\051}{subsection.3.1.2}% 31
\BOOKMARK [0][-]{section*.4}{\376\377\000I\000n\000d\000e\000x}{}% 32
